<?xml version="1.0" encoding="UTF-8"?>
<!-- Generated by org.testng.reporters.JUnitXMLReporter -->
<testsuite hostname="MacBook-Air.local" name="MyHit framework" tests="6" failures="0" timestamp="1 Jul 2016 15:53:32 GMT" time="75.726" errors="0">
  <testcase name="findActorBySearchField" time="10.652" classname="generalTests.MyHitTests"/>
  <testcase name="findMovieActorByAvatar" time="15.602" classname="generalTests.MyHitTests"/>
  <testcase name="findMovieBySearchField" time="7.356" classname="generalTests.MyHitTests"/>
  <testcase name="login" time="5.196" classname="generalTests.MyHitTests"/>
  <testcase name="login" time="4.53" classname="generalTests.MyHitTests"/>
  <testcase name="searchMovieByDropDownMenuAndFilters" time="9.137" classname="generalTests.MyHitTests"/>
</testsuite> <!-- MyHit framework -->
