<?xml version="1.0" encoding="UTF-8"?>
<!-- Generated by org.testng.reporters.JUnitXMLReporter -->
<testsuite hostname="MacBook-Air.local" name="Default test" tests="6" failures="0" timestamp="20 Jun 2016 20:28:49 GMT" time="46.504" errors="0">
  <testcase name="login" time="5.699" classname="steps.SearchForMovie"/>
  <testcase name="searchForMovie" time="10.061" classname="steps.SearchForMovie"/>
  <testcase name="findMovieByImg" time="19.38" classname="steps.SearchForMovie"/>
  <testcase name="scrollingDownToFindActorList" time="1.626" classname="steps.SearchForMovie"/>
  <testcase name="findActor" time="3.835" classname="steps.SearchForMovie"/>
  <testcase name="verifyActorName" time="4.668" classname="steps.SearchForMovie"/>
</testsuite> <!-- Default test -->
