<?xml version="1.0" encoding="UTF-8"?>
<!-- Generated by org.testng.reporters.JUnitXMLReporter -->
<testsuite hostname="MacBook-Air.local" name="Default test" tests="6" failures="0" timestamp="1 Jul 2016 16:01:27 GMT" time="76.112" errors="0">
  <testcase name="findActorBySearchField" time="9.198" classname="generalTests.MyHitTests"/>
  <testcase name="findMovieActorByAvatar" time="14.993" classname="generalTests.MyHitTests"/>
  <testcase name="findMovieBySearchField" time="7.456" classname="generalTests.MyHitTests"/>
  <testcase name="login" time="7.315" classname="generalTests.MyHitTests"/>
  <testcase name="login" time="6.057" classname="generalTests.MyHitTests"/>
  <testcase name="searchMovieByDropDownMenuAndFilters" time="9.596" classname="generalTests.MyHitTests"/>
</testsuite> <!-- Default test -->
