-------------------------------------------------------------------------------
Test set: TestSuite
-------------------------------------------------------------------------------
Tests run: 1, Failures: 1, Errors: 0, Skipped: 0, Time elapsed: 28.424 sec <<< FAILURE! - in TestSuite
tempImgTest(generalTests.MyHitTests)  Time elapsed: 18.186 sec  <<< FAILURE!
java.lang.AssertionError: expected [true] but found [false]
	at generalTests.MyHitTests.tempImgTest(MyHitTests.java:77)

